<?xml version="1.0" encoding="UTF-8"?>
<coverage generated="1721383892979" clover="3.2.0">
  <project timestamp="1721383892979" name="All files">
    <metrics statements="164" coveredstatements="160" conditionals="56" coveredconditionals="51" methods="15" coveredmethods="15" elements="235" coveredelements="226" complexity="0" loc="164" ncloc="164" packages="2" files="6" classes="6"/>
    <package name="src">
      <metrics statements="60" coveredstatements="59" conditionals="20" coveredconditionals="18" methods="6" coveredmethods="6"/>
      <file name="difftree.js" path="/Users/manefastekolnikova/frontend-project-46/src/difftree.js">
        <metrics statements="29" coveredstatements="29" conditionals="11" coveredconditionals="11" methods="1" coveredmethods="1"/>
        <line num="1" count="1" type="stmt"/>
        <line num="2" count="1" type="stmt"/>
        <line num="3" count="1" type="cond" truecount="1" falsecount="0"/>
        <line num="4" count="30" type="stmt"/>
        <line num="5" count="30" type="stmt"/>
        <line num="6" count="30" type="stmt"/>
        <line num="7" count="30" type="stmt"/>
        <line num="8" count="30" type="cond" truecount="1" falsecount="0"/>
        <line num="9" count="108" type="cond" truecount="2" falsecount="0"/>
        <line num="10" count="24" type="stmt"/>
        <line num="11" count="24" type="cond" truecount="1" falsecount="0"/>
        <line num="12" count="108" type="cond" truecount="1" falsecount="0"/>
        <line num="13" count="30" type="stmt"/>
        <line num="14" count="30" type="cond" truecount="1" falsecount="0"/>
        <line num="15" count="108" type="cond" truecount="1" falsecount="0"/>
        <line num="16" count="12" type="stmt"/>
        <line num="17" count="12" type="cond" truecount="1" falsecount="0"/>
        <line num="18" count="108" type="cond" truecount="1" falsecount="0"/>
        <line num="19" count="24" type="stmt"/>
        <line num="20" count="24" type="stmt"/>
        <line num="21" count="24" type="stmt"/>
        <line num="22" count="24" type="cond" truecount="1" falsecount="0"/>
        <line num="23" count="18" type="stmt"/>
        <line num="24" count="30" type="stmt"/>
        <line num="25" count="30" type="stmt"/>
        <line num="26" count="30" type="stmt"/>
        <line num="27" count="30" type="stmt"/>
        <line num="28" count="1" type="stmt"/>
        <line num="29" count="1" type="stmt"/>
      </file>
      <file name="index.js" path="/Users/manefastekolnikova/frontend-project-46/src/index.js">
        <metrics statements="16" coveredstatements="16" conditionals="4" coveredconditionals="4" methods="4" coveredmethods="4"/>
        <line num="1" count="1" type="stmt"/>
        <line num="2" count="1" type="stmt"/>
        <line num="3" count="1" type="stmt"/>
        <line num="4" count="1" type="stmt"/>
        <line num="5" count="1" type="stmt"/>
        <line num="6" count="1" type="stmt"/>
        <line num="7" count="1" type="cond" truecount="1" falsecount="0"/>
        <line num="8" count="1" type="cond" truecount="1" falsecount="0"/>
        <line num="9" count="1" type="stmt"/>
        <line num="10" count="1" type="cond" truecount="1" falsecount="0"/>
        <line num="11" count="1" type="stmt"/>
        <line num="12" count="1" type="cond" truecount="1" falsecount="0"/>
        <line num="13" count="6" type="stmt"/>
        <line num="14" count="6" type="stmt"/>
        <line num="15" count="6" type="stmt"/>
        <line num="16" count="6" type="stmt"/>
      </file>
      <file name="parsers.js" path="/Users/manefastekolnikova/frontend-project-46/src/parsers.js">
        <metrics statements="15" coveredstatements="14" conditionals="5" coveredconditionals="3" methods="1" coveredmethods="1"/>
        <line num="1" count="1" type="stmt"/>
        <line num="2" count="1" type="stmt"/>
        <line num="3" count="1" type="cond" truecount="1" falsecount="0"/>
        <line num="4" count="12" type="stmt"/>
        <line num="5" count="12" type="cond" truecount="1" falsecount="0"/>
        <line num="6" count="6" type="stmt"/>
        <line num="7" count="12" type="cond" truecount="0" falsecount="1"/>
        <line num="8" count="12" type="cond" truecount="1" falsecount="0"/>
        <line num="9" count="6" type="stmt"/>
        <line num="10" count="12" type="cond" truecount="0" falsecount="1"/>
        <line num="11" count="0" type="stmt"/>
        <line num="12" count="12" type="stmt"/>
        <line num="13" count="12" type="stmt"/>
        <line num="14" count="1" type="stmt"/>
        <line num="15" count="1" type="stmt"/>
      </file>
    </package>
    <package name="src.formatters">
      <metrics statements="104" coveredstatements="101" conditionals="36" coveredconditionals="33" methods="9" coveredmethods="9"/>
      <file name="index.js" path="/Users/manefastekolnikova/frontend-project-46/src/formatters/index.js">
        <metrics statements="17" coveredstatements="16" conditionals="5" coveredconditionals="4" methods="1" coveredmethods="1"/>
        <line num="1" count="1" type="stmt"/>
        <line num="2" count="1" type="stmt"/>
        <line num="3" count="1" type="stmt"/>
        <line num="4" count="1" type="cond" truecount="1" falsecount="0"/>
        <line num="5" count="6" type="stmt"/>
        <line num="6" count="6" type="cond" truecount="1" falsecount="0"/>
        <line num="7" count="2" type="stmt"/>
        <line num="8" count="6" type="cond" truecount="1" falsecount="0"/>
        <line num="9" count="2" type="stmt"/>
        <line num="10" count="6" type="cond" truecount="1" falsecount="0"/>
        <line num="11" count="2" type="stmt"/>
        <line num="12" count="6" type="cond" truecount="0" falsecount="1"/>
        <line num="13" count="0" type="stmt"/>
        <line num="14" count="6" type="stmt"/>
        <line num="15" count="6" type="stmt"/>
        <line num="16" count="1" type="stmt"/>
        <line num="17" count="1" type="stmt"/>
      </file>
      <file name="plain.js" path="/Users/manefastekolnikova/frontend-project-46/src/formatters/plain.js">
        <metrics statements="38" coveredstatements="37" conditionals="16" coveredconditionals="15" methods="3" coveredmethods="3"/>
        <line num="1" count="1" type="cond" truecount="1" falsecount="0"/>
        <line num="2" count="26" type="cond" truecount="2" falsecount="0"/>
        <line num="3" count="6" type="stmt"/>
        <line num="4" count="6" type="cond" truecount="1" falsecount="0"/>
        <line num="5" count="26" type="cond" truecount="1" falsecount="0"/>
        <line num="6" count="14" type="stmt"/>
        <line num="7" count="14" type="cond" truecount="1" falsecount="0"/>
        <line num="8" count="6" type="stmt"/>
        <line num="9" count="6" type="stmt"/>
        <line num="10" count="6" type="stmt"/>
        <line num="11" count="1" type="stmt"/>
        <line num="12" count="1" type="cond" truecount="1" falsecount="0"/>
        <line num="13" count="2" type="cond" truecount="1" falsecount="0"/>
        <line num="14" count="10" type="cond" truecount="1" falsecount="0"/>
        <line num="15" count="36" type="stmt"/>
        <line num="16" count="36" type="stmt"/>
        <line num="17" count="36" type="cond" truecount="1" falsecount="0"/>
        <line num="18" count="8" type="stmt"/>
        <line num="19" count="36" type="cond" truecount="1" falsecount="0"/>
        <line num="20" count="10" type="stmt"/>
        <line num="21" count="36" type="cond" truecount="1" falsecount="0"/>
        <line num="22" count="4" type="stmt"/>
        <line num="23" count="36" type="cond" truecount="1" falsecount="0"/>
        <line num="24" count="8" type="stmt"/>
        <line num="25" count="36" type="cond" truecount="1" falsecount="0"/>
        <line num="26" count="6" type="stmt"/>
        <line num="27" count="36" type="cond" truecount="0" falsecount="1"/>
        <line num="28" count="0" type="stmt"/>
        <line num="29" count="36" type="stmt"/>
        <line num="30" count="10" type="stmt"/>
        <line num="31" count="10" type="cond" truecount="1" falsecount="0"/>
        <line num="32" count="10" type="stmt"/>
        <line num="33" count="10" type="stmt"/>
        <line num="34" count="2" type="stmt"/>
        <line num="35" count="2" type="stmt"/>
        <line num="36" count="2" type="stmt"/>
        <line num="37" count="2" type="stmt"/>
        <line num="38" count="1" type="stmt"/>
      </file>
      <file name="stylish.js" path="/Users/manefastekolnikova/frontend-project-46/src/formatters/stylish.js">
        <metrics statements="49" coveredstatements="48" conditionals="15" coveredconditionals="14" methods="5" coveredmethods="5"/>
        <line num="1" count="1" type="stmt"/>
        <line num="2" count="1" type="stmt"/>
        <line num="3" count="1" type="stmt"/>
        <line num="4" count="1" type="stmt"/>
        <line num="5" count="1" type="stmt"/>
        <line num="6" count="1" type="cond" truecount="1" falsecount="0"/>
        <line num="7" count="1" type="cond" truecount="1" falsecount="0"/>
        <line num="8" count="1" type="stmt"/>
        <line num="9" count="1" type="cond" truecount="1" falsecount="0"/>
        <line num="10" count="54" type="cond" truecount="1" falsecount="0"/>
        <line num="11" count="40" type="stmt"/>
        <line num="12" count="40" type="cond" truecount="1" falsecount="0"/>
        <line num="13" count="14" type="stmt"/>
        <line num="14" count="14" type="stmt"/>
        <line num="15" count="14" type="cond" truecount="1" falsecount="0"/>
        <line num="16" count="14" type="stmt"/>
        <line num="17" count="14" type="stmt"/>
        <line num="18" count="14" type="stmt"/>
        <line num="19" count="1" type="stmt"/>
        <line num="20" count="1" type="cond" truecount="1" falsecount="0"/>
        <line num="21" count="2" type="cond" truecount="1" falsecount="0"/>
        <line num="22" count="10" type="cond" truecount="1" falsecount="0"/>
        <line num="23" count="36" type="stmt"/>
        <line num="24" count="36" type="stmt"/>
        <line num="25" count="36" type="stmt"/>
        <line num="26" count="36" type="stmt"/>
        <line num="27" count="36" type="cond" truecount="1" falsecount="0"/>
        <line num="28" count="8" type="stmt"/>
        <line num="29" count="36" type="cond" truecount="1" falsecount="0"/>
        <line num="30" count="10" type="stmt"/>
        <line num="31" count="36" type="cond" truecount="1" falsecount="0"/>
        <line num="32" count="4" type="stmt"/>
        <line num="33" count="36" type="cond" truecount="1" falsecount="0"/>
        <line num="34" count="8" type="stmt"/>
        <line num="35" count="8" type="stmt"/>
        <line num="36" count="36" type="cond" truecount="1" falsecount="0"/>
        <line num="37" count="6" type="stmt"/>
        <line num="38" count="36" type="cond" truecount="0" falsecount="1"/>
        <line num="39" count="0" type="stmt"/>
        <line num="40" count="36" type="stmt"/>
        <line num="41" count="10" type="stmt"/>
        <line num="42" count="10" type="stmt"/>
        <line num="43" count="10" type="stmt"/>
        <line num="44" count="2" type="stmt"/>
        <line num="45" count="2" type="stmt"/>
        <line num="46" count="2" type="stmt"/>
        <line num="47" count="2" type="stmt"/>
        <line num="48" count="1" type="stmt"/>
        <line num="49" count="1" type="stmt"/>
      </file>
    </package>
  </project>
</coverage>
