{"/Users/manefastekolnikova/frontend-project-46/src/difftree.js": {"path":"/Users/manefastekolnikova/frontend-project-46/src/difftree.js","all":false,"statementMap":{"0":{"start":{"line":1,"column":0},"end":{"line":1,"column":23}},"1":{"start":{"line":2,"column":0},"end":{"line":2,"column":0}},"2":{"start":{"line":3,"column":0},"end":{"line":3,"column":52}},"3":{"start":{"line":4,"column":0},"end":{"line":4,"column":38}},"4":{"start":{"line":5,"column":0},"end":{"line":5,"column":38}},"5":{"start":{"line":6,"column":0},"end":{"line":6,"column":47}},"6":{"start":{"line":7,"column":0},"end":{"line":7,"column":0}},"7":{"start":{"line":8,"column":0},"end":{"line":8,"column":39}},"8":{"start":{"line":9,"column":0},"end":{"line":9,"column":65}},"9":{"start":{"line":10,"column":0},"end":{"line":10,"column":97}},"10":{"start":{"line":11,"column":0},"end":{"line":11,"column":5}},"11":{"start":{"line":12,"column":0},"end":{"line":12,"column":40}},"12":{"start":{"line":13,"column":0},"end":{"line":13,"column":58}},"13":{"start":{"line":14,"column":0},"end":{"line":14,"column":5}},"14":{"start":{"line":15,"column":0},"end":{"line":15,"column":40}},"15":{"start":{"line":16,"column":0},"end":{"line":16,"column":60}},"16":{"start":{"line":17,"column":0},"end":{"line":17,"column":5}},"17":{"start":{"line":18,"column":0},"end":{"line":18,"column":42}},"18":{"start":{"line":19,"column":0},"end":{"line":19,"column":14}},"19":{"start":{"line":20,"column":0},"end":{"line":20,"column":75}},"20":{"start":{"line":21,"column":0},"end":{"line":21,"column":8}},"21":{"start":{"line":22,"column":0},"end":{"line":22,"column":5}},"22":{"start":{"line":23,"column":0},"end":{"line":23,"column":60}},"23":{"start":{"line":24,"column":0},"end":{"line":24,"column":5}},"24":{"start":{"line":25,"column":0},"end":{"line":25,"column":0}},"25":{"start":{"line":26,"column":0},"end":{"line":26,"column":19}},"26":{"start":{"line":27,"column":0},"end":{"line":27,"column":2}},"27":{"start":{"line":28,"column":0},"end":{"line":28,"column":0}},"28":{"start":{"line":29,"column":0},"end":{"line":29,"column":34}}},"s":{"0":1,"1":1,"2":1,"3":30,"4":30,"5":30,"6":30,"7":30,"8":108,"9":24,"10":24,"11":108,"12":30,"13":30,"14":108,"15":12,"16":12,"17":108,"18":24,"19":24,"20":24,"21":24,"22":18,"23":30,"24":30,"25":30,"26":30,"27":1,"28":1},"branchMap":{"0":{"type":"branch","line":3,"loc":{"start":{"line":3,"column":27},"end":{"line":27,"column":2}},"locations":[{"start":{"line":3,"column":27},"end":{"line":27,"column":2}}]},"1":{"type":"branch","line":8,"loc":{"start":{"line":8,"column":30},"end":{"line":24,"column":3}},"locations":[{"start":{"line":8,"column":30},"end":{"line":24,"column":3}}]},"2":{"type":"branch","line":9,"loc":{"start":{"line":9,"column":33},"end":{"line":9,"column":62}},"locations":[{"start":{"line":9,"column":33},"end":{"line":9,"column":62}}]},"3":{"type":"branch","line":9,"loc":{"start":{"line":9,"column":64},"end":{"line":11,"column":5}},"locations":[{"start":{"line":9,"column":64},"end":{"line":11,"column":5}}]},"4":{"type":"branch","line":11,"loc":{"start":{"line":11,"column":4},"end":{"line":12,"column":39}},"locations":[{"start":{"line":11,"column":4},"end":{"line":12,"column":39}}]},"5":{"type":"branch","line":12,"loc":{"start":{"line":12,"column":39},"end":{"line":14,"column":5}},"locations":[{"start":{"line":12,"column":39},"end":{"line":14,"column":5}}]},"6":{"type":"branch","line":14,"loc":{"start":{"line":14,"column":4},"end":{"line":15,"column":39}},"locations":[{"start":{"line":14,"column":4},"end":{"line":15,"column":39}}]},"7":{"type":"branch","line":15,"loc":{"start":{"line":15,"column":39},"end":{"line":17,"column":5}},"locations":[{"start":{"line":15,"column":39},"end":{"line":17,"column":5}}]},"8":{"type":"branch","line":17,"loc":{"start":{"line":17,"column":4},"end":{"line":18,"column":41}},"locations":[{"start":{"line":17,"column":4},"end":{"line":18,"column":41}}]},"9":{"type":"branch","line":18,"loc":{"start":{"line":18,"column":41},"end":{"line":22,"column":5}},"locations":[{"start":{"line":18,"column":41},"end":{"line":22,"column":5}}]},"10":{"type":"branch","line":22,"loc":{"start":{"line":22,"column":4},"end":{"line":24,"column":3}},"locations":[{"start":{"line":22,"column":4},"end":{"line":24,"column":3}}]}},"b":{"0":[30],"1":[108],"2":[36],"3":[24],"4":[84],"5":[30],"6":[54],"7":[12],"8":[42],"9":[24],"10":[18]},"fnMap":{"0":{"name":"getDifferenceTrees","decl":{"start":{"line":3,"column":27},"end":{"line":27,"column":2}},"loc":{"start":{"line":3,"column":27},"end":{"line":27,"column":2}},"line":3}},"f":{"0":30}}
,"/Users/manefastekolnikova/frontend-project-46/src/index.js": {"path":"/Users/manefastekolnikova/frontend-project-46/src/index.js","all":false,"statementMap":{"0":{"start":{"line":1,"column":0},"end":{"line":1,"column":34}},"1":{"start":{"line":2,"column":0},"end":{"line":2,"column":24}},"2":{"start":{"line":3,"column":0},"end":{"line":3,"column":33}},"3":{"start":{"line":4,"column":0},"end":{"line":4,"column":47}},"4":{"start":{"line":5,"column":0},"end":{"line":5,"column":46}},"5":{"start":{"line":6,"column":0},"end":{"line":6,"column":0}},"6":{"start":{"line":7,"column":0},"end":{"line":7,"column":76}},"7":{"start":{"line":8,"column":0},"end":{"line":8,"column":67}},"8":{"start":{"line":9,"column":0},"end":{"line":9,"column":0}},"9":{"start":{"line":10,"column":0},"end":{"line":10,"column":110}},"10":{"start":{"line":11,"column":0},"end":{"line":11,"column":0}},"11":{"start":{"line":12,"column":0},"end":{"line":12,"column":62}},"12":{"start":{"line":13,"column":0},"end":{"line":13,"column":79}},"13":{"start":{"line":14,"column":0},"end":{"line":14,"column":0}},"14":{"start":{"line":15,"column":0},"end":{"line":15,"column":38}},"15":{"start":{"line":16,"column":0},"end":{"line":16,"column":2}}},"s":{"0":1,"1":1,"2":1,"3":1,"4":1,"5":1,"6":1,"7":1,"8":1,"9":1,"10":1,"11":1,"12":6,"13":6,"14":6,"15":6},"branchMap":{"0":{"type":"branch","line":7,"loc":{"start":{"line":7,"column":25},"end":{"line":7,"column":75}},"locations":[{"start":{"line":7,"column":25},"end":{"line":7,"column":75}}]},"1":{"type":"branch","line":8,"loc":{"start":{"line":8,"column":22},"end":{"line":8,"column":66}},"locations":[{"start":{"line":8,"column":22},"end":{"line":8,"column":66}}]},"2":{"type":"branch","line":10,"loc":{"start":{"line":10,"column":17},"end":{"line":10,"column":109}},"locations":[{"start":{"line":10,"column":17},"end":{"line":10,"column":109}}]},"3":{"type":"branch","line":12,"loc":{"start":{"line":12,"column":15},"end":{"line":16,"column":2}},"locations":[{"start":{"line":12,"column":15},"end":{"line":16,"column":2}}]}},"b":{"0":[12],"1":[12],"2":[12],"3":[6]},"fnMap":{"0":{"name":"getFixturesPath","decl":{"start":{"line":7,"column":25},"end":{"line":7,"column":75}},"loc":{"start":{"line":7,"column":25},"end":{"line":7,"column":75}},"line":7},"1":{"name":"getExtantion","decl":{"start":{"line":8,"column":22},"end":{"line":8,"column":66}},"loc":{"start":{"line":8,"column":22},"end":{"line":8,"column":66}},"line":8},"2":{"name":"getData","decl":{"start":{"line":10,"column":17},"end":{"line":10,"column":109}},"loc":{"start":{"line":10,"column":17},"end":{"line":10,"column":109}},"line":10},"3":{"name":"default","decl":{"start":{"line":12,"column":15},"end":{"line":16,"column":2}},"loc":{"start":{"line":12,"column":15},"end":{"line":16,"column":2}},"line":12}},"f":{"0":12,"1":12,"2":12,"3":6}}
,"/Users/manefastekolnikova/frontend-project-46/src/parsers.js": {"path":"/Users/manefastekolnikova/frontend-project-46/src/parsers.js","all":false,"statementMap":{"0":{"start":{"line":1,"column":0},"end":{"line":1,"column":27}},"1":{"start":{"line":2,"column":0},"end":{"line":2,"column":0}},"2":{"start":{"line":3,"column":0},"end":{"line":3,"column":33}},"3":{"start":{"line":4,"column":0},"end":{"line":4,"column":19}},"4":{"start":{"line":5,"column":0},"end":{"line":5,"column":16}},"5":{"start":{"line":6,"column":0},"end":{"line":6,"column":30}},"6":{"start":{"line":7,"column":0},"end":{"line":7,"column":15}},"7":{"start":{"line":8,"column":0},"end":{"line":8,"column":16}},"8":{"start":{"line":9,"column":0},"end":{"line":9,"column":29}},"9":{"start":{"line":10,"column":0},"end":{"line":10,"column":12}},"10":{"start":{"line":11,"column":0},"end":{"line":11,"column":52}},"11":{"start":{"line":12,"column":0},"end":{"line":12,"column":3}},"12":{"start":{"line":13,"column":0},"end":{"line":13,"column":2}},"13":{"start":{"line":14,"column":0},"end":{"line":14,"column":0}},"14":{"start":{"line":15,"column":0},"end":{"line":15,"column":21}}},"s":{"0":1,"1":1,"2":1,"3":12,"4":12,"5":6,"6":12,"7":12,"8":6,"9":12,"10":0,"11":12,"12":12,"13":1,"14":1},"branchMap":{"0":{"type":"branch","line":3,"loc":{"start":{"line":3,"column":14},"end":{"line":13,"column":2}},"locations":[{"start":{"line":3,"column":14},"end":{"line":13,"column":2}}]},"1":{"type":"branch","line":5,"loc":{"start":{"line":5,"column":4},"end":{"line":6,"column":30}},"locations":[{"start":{"line":5,"column":4},"end":{"line":6,"column":30}}]},"2":{"type":"branch","line":7,"loc":{"start":{"line":7,"column":4},"end":{"line":7,"column":15}},"locations":[{"start":{"line":7,"column":4},"end":{"line":7,"column":15}}]},"3":{"type":"branch","line":8,"loc":{"start":{"line":8,"column":4},"end":{"line":9,"column":29}},"locations":[{"start":{"line":8,"column":4},"end":{"line":9,"column":29}}]},"4":{"type":"branch","line":10,"loc":{"start":{"line":10,"column":4},"end":{"line":11,"column":52}},"locations":[{"start":{"line":10,"column":4},"end":{"line":11,"column":52}}]}},"b":{"0":[12],"1":[6],"2":[0],"3":[6],"4":[0]},"fnMap":{"0":{"name":"parse","decl":{"start":{"line":3,"column":14},"end":{"line":13,"column":2}},"loc":{"start":{"line":3,"column":14},"end":{"line":13,"column":2}},"line":3}},"f":{"0":12}}
,"/Users/manefastekolnikova/frontend-project-46/src/formatters/index.js": {"path":"/Users/manefastekolnikova/frontend-project-46/src/formatters/index.js","all":false,"statementMap":{"0":{"start":{"line":1,"column":0},"end":{"line":1,"column":35}},"1":{"start":{"line":2,"column":0},"end":{"line":2,"column":31}},"2":{"start":{"line":3,"column":0},"end":{"line":3,"column":0}},"3":{"start":{"line":4,"column":0},"end":{"line":4,"column":37}},"4":{"start":{"line":5,"column":0},"end":{"line":5,"column":19}},"5":{"start":{"line":6,"column":0},"end":{"line":6,"column":19}},"6":{"start":{"line":7,"column":0},"end":{"line":7,"column":27}},"7":{"start":{"line":8,"column":0},"end":{"line":8,"column":17}},"8":{"start":{"line":9,"column":0},"end":{"line":9,"column":25}},"9":{"start":{"line":10,"column":0},"end":{"line":10,"column":16}},"10":{"start":{"line":11,"column":0},"end":{"line":11,"column":34}},"11":{"start":{"line":12,"column":0},"end":{"line":12,"column":12}},"12":{"start":{"line":13,"column":0},"end":{"line":13,"column":39}},"13":{"start":{"line":14,"column":0},"end":{"line":14,"column":3}},"14":{"start":{"line":15,"column":0},"end":{"line":15,"column":2}},"15":{"start":{"line":16,"column":0},"end":{"line":16,"column":0}},"16":{"start":{"line":17,"column":0},"end":{"line":17,"column":25}}},"s":{"0":1,"1":1,"2":1,"3":1,"4":6,"5":6,"6":2,"7":6,"8":2,"9":6,"10":2,"11":6,"12":0,"13":6,"14":6,"15":1,"16":1},"branchMap":{"0":{"type":"branch","line":4,"loc":{"start":{"line":4,"column":18},"end":{"line":15,"column":2}},"locations":[{"start":{"line":4,"column":18},"end":{"line":15,"column":2}}]},"1":{"type":"branch","line":6,"loc":{"start":{"line":6,"column":4},"end":{"line":7,"column":27}},"locations":[{"start":{"line":6,"column":4},"end":{"line":7,"column":27}}]},"2":{"type":"branch","line":8,"loc":{"start":{"line":8,"column":4},"end":{"line":9,"column":25}},"locations":[{"start":{"line":8,"column":4},"end":{"line":9,"column":25}}]},"3":{"type":"branch","line":10,"loc":{"start":{"line":10,"column":4},"end":{"line":11,"column":34}},"locations":[{"start":{"line":10,"column":4},"end":{"line":11,"column":34}}]},"4":{"type":"branch","line":12,"loc":{"start":{"line":12,"column":4},"end":{"line":13,"column":39}},"locations":[{"start":{"line":12,"column":4},"end":{"line":13,"column":39}}]}},"b":{"0":[6],"1":[2],"2":[2],"3":[2],"4":[0]},"fnMap":{"0":{"name":"formatter","decl":{"start":{"line":4,"column":18},"end":{"line":15,"column":2}},"loc":{"start":{"line":4,"column":18},"end":{"line":15,"column":2}},"line":4}},"f":{"0":6}}
,"/Users/manefastekolnikova/frontend-project-46/src/formatters/plain.js": {"path":"/Users/manefastekolnikova/frontend-project-46/src/formatters/plain.js","all":false,"statementMap":{"0":{"start":{"line":1,"column":0},"end":{"line":1,"column":29}},"1":{"start":{"line":2,"column":0},"end":{"line":2,"column":52}},"2":{"start":{"line":3,"column":0},"end":{"line":3,"column":29}},"3":{"start":{"line":4,"column":0},"end":{"line":4,"column":3}},"4":{"start":{"line":5,"column":0},"end":{"line":5,"column":34}},"5":{"start":{"line":6,"column":0},"end":{"line":6,"column":24}},"6":{"start":{"line":7,"column":0},"end":{"line":7,"column":3}},"7":{"start":{"line":8,"column":0},"end":{"line":8,"column":0}},"8":{"start":{"line":9,"column":0},"end":{"line":9,"column":15}},"9":{"start":{"line":10,"column":0},"end":{"line":10,"column":2}},"10":{"start":{"line":11,"column":0},"end":{"line":11,"column":0}},"11":{"start":{"line":12,"column":0},"end":{"line":12,"column":25}},"12":{"start":{"line":13,"column":0},"end":{"line":13,"column":45}},"13":{"start":{"line":14,"column":0},"end":{"line":14,"column":49}},"14":{"start":{"line":15,"column":0},"end":{"line":15,"column":40}},"15":{"start":{"line":16,"column":0},"end":{"line":16,"column":21}},"16":{"start":{"line":17,"column":0},"end":{"line":17,"column":22}},"17":{"start":{"line":18,"column":0},"end":{"line":18,"column":56}},"18":{"start":{"line":19,"column":0},"end":{"line":19,"column":21}},"19":{"start":{"line":20,"column":0},"end":{"line":20,"column":86}},"20":{"start":{"line":21,"column":0},"end":{"line":21,"column":23}},"21":{"start":{"line":22,"column":0},"end":{"line":22,"column":57}},"22":{"start":{"line":23,"column":0},"end":{"line":23,"column":23}},"23":{"start":{"line":24,"column":0},"end":{"line":24,"column":116}},"24":{"start":{"line":25,"column":0},"end":{"line":25,"column":25}},"25":{"start":{"line":26,"column":0},"end":{"line":26,"column":22}},"26":{"start":{"line":27,"column":0},"end":{"line":27,"column":16}},"27":{"start":{"line":28,"column":0},"end":{"line":28,"column":40}},"28":{"start":{"line":29,"column":0},"end":{"line":29,"column":7}},"29":{"start":{"line":30,"column":0},"end":{"line":30,"column":7}},"30":{"start":{"line":31,"column":0},"end":{"line":31,"column":61}},"31":{"start":{"line":32,"column":0},"end":{"line":32,"column":0}},"32":{"start":{"line":33,"column":0},"end":{"line":33,"column":29}},"33":{"start":{"line":34,"column":0},"end":{"line":34,"column":4}},"34":{"start":{"line":35,"column":0},"end":{"line":35,"column":0}},"35":{"start":{"line":36,"column":0},"end":{"line":36,"column":20}},"36":{"start":{"line":37,"column":0},"end":{"line":37,"column":2}},"37":{"start":{"line":38,"column":0},"end":{"line":38,"column":21}}},"s":{"0":1,"1":26,"2":6,"3":6,"4":26,"5":14,"6":14,"7":6,"8":6,"9":6,"10":1,"11":1,"12":2,"13":10,"14":36,"15":36,"16":36,"17":8,"18":36,"19":10,"20":36,"21":4,"22":36,"23":8,"24":36,"25":6,"26":36,"27":0,"28":36,"29":10,"30":10,"31":10,"32":10,"33":2,"34":2,"35":2,"36":2,"37":1},"branchMap":{"0":{"type":"branch","line":1,"loc":{"start":{"line":1,"column":18},"end":{"line":10,"column":2}},"locations":[{"start":{"line":1,"column":18},"end":{"line":10,"column":2}}]},"1":{"type":"branch","line":2,"loc":{"start":{"line":2,"column":31},"end":{"line":2,"column":49}},"locations":[{"start":{"line":2,"column":31},"end":{"line":2,"column":49}}]},"2":{"type":"branch","line":2,"loc":{"start":{"line":2,"column":51},"end":{"line":4,"column":3}},"locations":[{"start":{"line":2,"column":51},"end":{"line":4,"column":3}}]},"3":{"type":"branch","line":4,"loc":{"start":{"line":4,"column":2},"end":{"line":5,"column":33}},"locations":[{"start":{"line":4,"column":2},"end":{"line":5,"column":33}}]},"4":{"type":"branch","line":5,"loc":{"start":{"line":5,"column":33},"end":{"line":7,"column":3}},"locations":[{"start":{"line":5,"column":33},"end":{"line":7,"column":3}}]},"5":{"type":"branch","line":7,"loc":{"start":{"line":7,"column":2},"end":{"line":10,"column":2}},"locations":[{"start":{"line":7,"column":2},"end":{"line":10,"column":2}}]},"6":{"type":"branch","line":12,"loc":{"start":{"line":12,"column":15},"end":{"line":37,"column":2}},"locations":[{"start":{"line":12,"column":15},"end":{"line":37,"column":2}}]},"7":{"type":"branch","line":13,"loc":{"start":{"line":13,"column":15},"end":{"line":34,"column":3}},"locations":[{"start":{"line":13,"column":15},"end":{"line":34,"column":3}}]},"8":{"type":"branch","line":14,"loc":{"start":{"line":14,"column":39},"end":{"line":30,"column":5}},"locations":[{"start":{"line":14,"column":39},"end":{"line":30,"column":5}}]},"9":{"type":"branch","line":17,"loc":{"start":{"line":17,"column":8},"end":{"line":18,"column":56}},"locations":[{"start":{"line":17,"column":8},"end":{"line":18,"column":56}}]},"10":{"type":"branch","line":19,"loc":{"start":{"line":19,"column":8},"end":{"line":20,"column":86}},"locations":[{"start":{"line":19,"column":8},"end":{"line":20,"column":86}}]},"11":{"type":"branch","line":21,"loc":{"start":{"line":21,"column":8},"end":{"line":22,"column":57}},"locations":[{"start":{"line":21,"column":8},"end":{"line":22,"column":57}}]},"12":{"type":"branch","line":23,"loc":{"start":{"line":23,"column":8},"end":{"line":24,"column":116}},"locations":[{"start":{"line":23,"column":8},"end":{"line":24,"column":116}}]},"13":{"type":"branch","line":25,"loc":{"start":{"line":25,"column":8},"end":{"line":26,"column":22}},"locations":[{"start":{"line":25,"column":8},"end":{"line":26,"column":22}}]},"14":{"type":"branch","line":27,"loc":{"start":{"line":27,"column":8},"end":{"line":28,"column":40}},"locations":[{"start":{"line":27,"column":8},"end":{"line":28,"column":40}}]},"15":{"type":"branch","line":31,"loc":{"start":{"line":31,"column":37},"end":{"line":31,"column":59}},"locations":[{"start":{"line":31,"column":37},"end":{"line":31,"column":59}}]}},"b":{"0":[26],"1":[8],"2":[6],"3":[20],"4":[14],"5":[6],"6":[2],"7":[10],"8":[36],"9":[8],"10":[10],"11":[4],"12":[8],"13":[6],"14":[0],"15":[36]},"fnMap":{"0":{"name":"stringfy","decl":{"start":{"line":1,"column":18},"end":{"line":10,"column":2}},"loc":{"start":{"line":1,"column":18},"end":{"line":10,"column":2}},"line":1},"1":{"name":"plain","decl":{"start":{"line":12,"column":15},"end":{"line":37,"column":2}},"loc":{"start":{"line":12,"column":15},"end":{"line":37,"column":2}},"line":12},"2":{"name":"iter","decl":{"start":{"line":13,"column":15},"end":{"line":34,"column":3}},"loc":{"start":{"line":13,"column":15},"end":{"line":34,"column":3}},"line":13}},"f":{"0":26,"1":2,"2":10}}
,"/Users/manefastekolnikova/frontend-project-46/src/formatters/stylish.js": {"path":"/Users/manefastekolnikova/frontend-project-46/src/formatters/stylish.js","all":false,"statementMap":{"0":{"start":{"line":1,"column":0},"end":{"line":1,"column":23}},"1":{"start":{"line":2,"column":0},"end":{"line":2,"column":0}},"2":{"start":{"line":3,"column":0},"end":{"line":3,"column":21}},"3":{"start":{"line":4,"column":0},"end":{"line":4,"column":22}},"4":{"start":{"line":5,"column":0},"end":{"line":5,"column":20}},"5":{"start":{"line":6,"column":0},"end":{"line":6,"column":95}},"6":{"start":{"line":7,"column":0},"end":{"line":7,"column":85}},"7":{"start":{"line":8,"column":0},"end":{"line":8,"column":0}},"8":{"start":{"line":9,"column":0},"end":{"line":9,"column":34}},"9":{"start":{"line":10,"column":0},"end":{"line":10,"column":25}},"10":{"start":{"line":11,"column":0},"end":{"line":11,"column":23}},"11":{"start":{"line":12,"column":0},"end":{"line":12,"column":3}},"12":{"start":{"line":13,"column":0},"end":{"line":13,"column":22}},"13":{"start":{"line":14,"column":0},"end":{"line":14,"column":17}},"14":{"start":{"line":15,"column":0},"end":{"line":15,"column":93}},"15":{"start":{"line":16,"column":0},"end":{"line":16,"column":0}},"16":{"start":{"line":17,"column":0},"end":{"line":17,"column":76}},"17":{"start":{"line":18,"column":0},"end":{"line":18,"column":2}},"18":{"start":{"line":19,"column":0},"end":{"line":19,"column":0}},"19":{"start":{"line":20,"column":0},"end":{"line":20,"column":45}},"20":{"start":{"line":21,"column":0},"end":{"line":21,"column":40}},"21":{"start":{"line":22,"column":0},"end":{"line":22,"column":49}},"22":{"start":{"line":23,"column":0},"end":{"line":23,"column":13}},"23":{"start":{"line":24,"column":0},"end":{"line":24,"column":25}},"24":{"start":{"line":25,"column":0},"end":{"line":25,"column":15}},"25":{"start":{"line":26,"column":0},"end":{"line":26,"column":21}},"26":{"start":{"line":27,"column":0},"end":{"line":27,"column":22}},"27":{"start":{"line":28,"column":0},"end":{"line":28,"column":119}},"28":{"start":{"line":29,"column":0},"end":{"line":29,"column":21}},"29":{"start":{"line":30,"column":0},"end":{"line":30,"column":86}},"30":{"start":{"line":31,"column":0},"end":{"line":31,"column":23}},"31":{"start":{"line":32,"column":0},"end":{"line":32,"column":86}},"32":{"start":{"line":33,"column":0},"end":{"line":33,"column":23}},"33":{"start":{"line":34,"column":0},"end":{"line":34,"column":93}},"34":{"start":{"line":35,"column":0},"end":{"line":35,"column":99}},"35":{"start":{"line":36,"column":0},"end":{"line":36,"column":25}},"36":{"start":{"line":37,"column":0},"end":{"line":37,"column":86}},"37":{"start":{"line":38,"column":0},"end":{"line":38,"column":16}},"38":{"start":{"line":39,"column":0},"end":{"line":39,"column":40}},"39":{"start":{"line":40,"column":0},"end":{"line":40,"column":7}},"40":{"start":{"line":41,"column":0},"end":{"line":41,"column":7}},"41":{"start":{"line":42,"column":0},"end":{"line":42,"column":0}},"42":{"start":{"line":43,"column":0},"end":{"line":43,"column":32}},"43":{"start":{"line":44,"column":0},"end":{"line":44,"column":4}},"44":{"start":{"line":45,"column":0},"end":{"line":45,"column":0}},"45":{"start":{"line":46,"column":0},"end":{"line":46,"column":45}},"46":{"start":{"line":47,"column":0},"end":{"line":47,"column":2}},"47":{"start":{"line":48,"column":0},"end":{"line":48,"column":0}},"48":{"start":{"line":49,"column":0},"end":{"line":49,"column":23}}},"s":{"0":1,"1":1,"2":1,"3":1,"4":1,"5":1,"6":1,"7":1,"8":1,"9":54,"10":40,"11":40,"12":14,"13":14,"14":14,"15":14,"16":14,"17":14,"18":1,"19":1,"20":2,"21":10,"22":36,"23":36,"24":36,"25":36,"26":36,"27":8,"28":36,"29":10,"30":36,"31":4,"32":36,"33":8,"34":8,"35":36,"36":6,"37":36,"38":0,"39":36,"40":10,"41":10,"42":10,"43":2,"44":2,"45":2,"46":2,"47":1,"48":1},"branchMap":{"0":{"type":"branch","line":6,"loc":{"start":{"line":6,"column":18},"end":{"line":6,"column":94}},"locations":[{"start":{"line":6,"column":18},"end":{"line":6,"column":94}}]},"1":{"type":"branch","line":7,"loc":{"start":{"line":7,"column":22},"end":{"line":7,"column":84}},"locations":[{"start":{"line":7,"column":22},"end":{"line":7,"column":84}}]},"2":{"type":"branch","line":9,"loc":{"start":{"line":9,"column":17},"end":{"line":18,"column":2}},"locations":[{"start":{"line":9,"column":17},"end":{"line":18,"column":2}}]},"3":{"type":"branch","line":10,"loc":{"start":{"line":10,"column":24},"end":{"line":12,"column":3}},"locations":[{"start":{"line":10,"column":24},"end":{"line":12,"column":3}}]},"4":{"type":"branch","line":12,"loc":{"start":{"line":12,"column":2},"end":{"line":18,"column":2}},"locations":[{"start":{"line":12,"column":2},"end":{"line":18,"column":2}}]},"5":{"type":"branch","line":15,"loc":{"start":{"line":15,"column":9},"end":{"line":15,"column":91}},"locations":[{"start":{"line":15,"column":9},"end":{"line":15,"column":91}}]},"6":{"type":"branch","line":20,"loc":{"start":{"line":20,"column":16},"end":{"line":47,"column":2}},"locations":[{"start":{"line":20,"column":16},"end":{"line":47,"column":2}}]},"7":{"type":"branch","line":21,"loc":{"start":{"line":21,"column":15},"end":{"line":44,"column":3}},"locations":[{"start":{"line":21,"column":15},"end":{"line":44,"column":3}}]},"8":{"type":"branch","line":22,"loc":{"start":{"line":22,"column":39},"end":{"line":41,"column":5}},"locations":[{"start":{"line":22,"column":39},"end":{"line":41,"column":5}}]},"9":{"type":"branch","line":27,"loc":{"start":{"line":27,"column":8},"end":{"line":28,"column":119}},"locations":[{"start":{"line":27,"column":8},"end":{"line":28,"column":119}}]},"10":{"type":"branch","line":29,"loc":{"start":{"line":29,"column":8},"end":{"line":30,"column":86}},"locations":[{"start":{"line":29,"column":8},"end":{"line":30,"column":86}}]},"11":{"type":"branch","line":31,"loc":{"start":{"line":31,"column":8},"end":{"line":32,"column":86}},"locations":[{"start":{"line":31,"column":8},"end":{"line":32,"column":86}}]},"12":{"type":"branch","line":33,"loc":{"start":{"line":33,"column":8},"end":{"line":35,"column":99}},"locations":[{"start":{"line":33,"column":8},"end":{"line":35,"column":99}}]},"13":{"type":"branch","line":36,"loc":{"start":{"line":36,"column":8},"end":{"line":37,"column":86}},"locations":[{"start":{"line":36,"column":8},"end":{"line":37,"column":86}}]},"14":{"type":"branch","line":38,"loc":{"start":{"line":38,"column":8},"end":{"line":39,"column":40}},"locations":[{"start":{"line":38,"column":8},"end":{"line":39,"column":40}}]}},"b":{"0":[62],"1":[22],"2":[54],"3":[40],"4":[14],"5":[18],"6":[2],"7":[10],"8":[36],"9":[8],"10":[10],"11":[4],"12":[8],"13":[6],"14":[0]},"fnMap":{"0":{"name":"getIndent","decl":{"start":{"line":6,"column":18},"end":{"line":6,"column":94}},"loc":{"start":{"line":6,"column":18},"end":{"line":6,"column":94}},"line":6},"1":{"name":"getBackIndent","decl":{"start":{"line":7,"column":22},"end":{"line":7,"column":84}},"loc":{"start":{"line":7,"column":22},"end":{"line":7,"column":84}},"line":7},"2":{"name":"stringfy","decl":{"start":{"line":9,"column":17},"end":{"line":18,"column":2}},"loc":{"start":{"line":9,"column":17},"end":{"line":18,"column":2}},"line":9},"3":{"name":"stylish","decl":{"start":{"line":20,"column":16},"end":{"line":47,"column":2}},"loc":{"start":{"line":20,"column":16},"end":{"line":47,"column":2}},"line":20},"4":{"name":"iter","decl":{"start":{"line":21,"column":15},"end":{"line":44,"column":3}},"loc":{"start":{"line":21,"column":15},"end":{"line":44,"column":3}},"line":21}},"f":{"0":62,"1":22,"2":54,"3":2,"4":10}}
}
