TN:
SF:src/difftree.js
FN:3,getDifferenceTrees
FNF:1
FNH:1
FNDA:30,getDifferenceTrees
DA:1,1
DA:2,1
DA:3,1
DA:4,30
DA:5,30
DA:6,30
DA:7,30
DA:8,30
DA:9,108
DA:10,24
DA:11,24
DA:12,108
DA:13,30
DA:14,30
DA:15,108
DA:16,12
DA:17,12
DA:18,108
DA:19,24
DA:20,24
DA:21,24
DA:22,24
DA:23,18
DA:24,30
DA:25,30
DA:26,30
DA:27,30
DA:28,1
DA:29,1
LF:29
LH:29
BRDA:3,0,0,30
BRDA:8,1,0,108
BRDA:9,2,0,36
BRDA:9,3,0,24
BRDA:11,4,0,84
BRDA:12,5,0,30
BRDA:14,6,0,54
BRDA:15,7,0,12
BRDA:17,8,0,42
BRDA:18,9,0,24
BRDA:22,10,0,18
BRF:11
BRH:11
end_of_record
TN:
SF:src/index.js
FN:7,getFixturesPath
FN:8,getExtantion
FN:10,getData
FN:12,default
FNF:4
FNH:4
FNDA:12,getFixturesPath
FNDA:12,getExtantion
FNDA:12,getData
FNDA:6,default
DA:1,1
DA:2,1
DA:3,1
DA:4,1
DA:5,1
DA:6,1
DA:7,1
DA:8,1
DA:9,1
DA:10,1
DA:11,1
DA:12,1
DA:13,6
DA:14,6
DA:15,6
DA:16,6
LF:16
LH:16
BRDA:7,0,0,12
BRDA:8,1,0,12
BRDA:10,2,0,12
BRDA:12,3,0,6
BRF:4
BRH:4
end_of_record
TN:
SF:src/parsers.js
FN:3,parse
FNF:1
FNH:1
FNDA:12,parse
DA:1,1
DA:2,1
DA:3,1
DA:4,12
DA:5,12
DA:6,6
DA:7,12
DA:8,12
DA:9,6
DA:10,12
DA:11,0
DA:12,12
DA:13,12
DA:14,1
DA:15,1
LF:15
LH:14
BRDA:3,0,0,12
BRDA:5,1,0,6
BRDA:7,2,0,0
BRDA:8,3,0,6
BRDA:10,4,0,0
BRF:5
BRH:3
end_of_record
TN:
SF:src/formatters/index.js
FN:4,formatter
FNF:1
FNH:1
FNDA:6,formatter
DA:1,1
DA:2,1
DA:3,1
DA:4,1
DA:5,6
DA:6,6
DA:7,2
DA:8,6
DA:9,2
DA:10,6
DA:11,2
DA:12,6
DA:13,0
DA:14,6
DA:15,6
DA:16,1
DA:17,1
LF:17
LH:16
BRDA:4,0,0,6
BRDA:6,1,0,2
BRDA:8,2,0,2
BRDA:10,3,0,2
BRDA:12,4,0,0
BRF:5
BRH:4
end_of_record
TN:
SF:src/formatters/plain.js
FN:1,stringfy
FN:12,plain
FN:13,iter
FNF:3
FNH:3
FNDA:26,stringfy
FNDA:2,plain
FNDA:10,iter
DA:1,1
DA:2,26
DA:3,6
DA:4,6
DA:5,26
DA:6,14
DA:7,14
DA:8,6
DA:9,6
DA:10,6
DA:11,1
DA:12,1
DA:13,2
DA:14,10
DA:15,36
DA:16,36
DA:17,36
DA:18,8
DA:19,36
DA:20,10
DA:21,36
DA:22,4
DA:23,36
DA:24,8
DA:25,36
DA:26,6
DA:27,36
DA:28,0
DA:29,36
DA:30,10
DA:31,10
DA:32,10
DA:33,10
DA:34,2
DA:35,2
DA:36,2
DA:37,2
DA:38,1
LF:38
LH:37
BRDA:1,0,0,26
BRDA:2,1,0,8
BRDA:2,2,0,6
BRDA:4,3,0,20
BRDA:5,4,0,14
BRDA:7,5,0,6
BRDA:12,6,0,2
BRDA:13,7,0,10
BRDA:14,8,0,36
BRDA:17,9,0,8
BRDA:19,10,0,10
BRDA:21,11,0,4
BRDA:23,12,0,8
BRDA:25,13,0,6
BRDA:27,14,0,0
BRDA:31,15,0,36
BRF:16
BRH:15
end_of_record
TN:
SF:src/formatters/stylish.js
FN:6,getIndent
FN:7,getBackIndent
FN:9,stringfy
FN:20,stylish
FN:21,iter
FNF:5
FNH:5
FNDA:62,getIndent
FNDA:22,getBackIndent
FNDA:54,stringfy
FNDA:2,stylish
FNDA:10,iter
DA:1,1
DA:2,1
DA:3,1
DA:4,1
DA:5,1
DA:6,1
DA:7,1
DA:8,1
DA:9,1
DA:10,54
DA:11,40
DA:12,40
DA:13,14
DA:14,14
DA:15,14
DA:16,14
DA:17,14
DA:18,14
DA:19,1
DA:20,1
DA:21,2
DA:22,10
DA:23,36
DA:24,36
DA:25,36
DA:26,36
DA:27,36
DA:28,8
DA:29,36
DA:30,10
DA:31,36
DA:32,4
DA:33,36
DA:34,8
DA:35,8
DA:36,36
DA:37,6
DA:38,36
DA:39,0
DA:40,36
DA:41,10
DA:42,10
DA:43,10
DA:44,2
DA:45,2
DA:46,2
DA:47,2
DA:48,1
DA:49,1
LF:49
LH:48
BRDA:6,0,0,62
BRDA:7,1,0,22
BRDA:9,2,0,54
BRDA:10,3,0,40
BRDA:12,4,0,14
BRDA:15,5,0,18
BRDA:20,6,0,2
BRDA:21,7,0,10
BRDA:22,8,0,36
BRDA:27,9,0,8
BRDA:29,10,0,10
BRDA:31,11,0,4
BRDA:33,12,0,8
BRDA:36,13,0,6
BRDA:38,14,0,0
BRF:15
BRH:14
end_of_record
